<?xml version="1.0" encoding="windows-1252" standalone="no"?>
<!DOCTYPE log SYSTEM "logger.dtd">
<log>
<record>
  <date>2015-10-21T15:55:19</date>
  <millis>1445423119036</millis>
  <sequence>0</sequence>
  <logger>MyLogger</logger>
  <level>FINE</level>
  <class>MyLogger</class>
  <method>doLogging</method>
  <thread>1</thread>
  <message>java.lang.ArithmeticException: / by zero
	at LoggerMain.main(LoggerMain.java:20)
</message>
</record>
<record>
  <date>2015-10-21T15:55:19</date>
  <millis>1445423119052</millis>
  <sequence>1</sequence>
  <logger>MyLogger</logger>
  <level>FINE</level>
  <class>MyLogger</class>
  <method>doLogging</method>
  <thread>1</thread>
  <message>java.lang.ArrayIndexOutOfBoundsException: 7
	at LoggerMain.main(LoggerMain.java:39)
</message>
</record>
